Copyright 1986-2017 Xilinx, Inc. All Rights Reserved.
-----------------------------------------------------------------------------------------------------------------------------
| Tool Version : Vivado v.2017.1 (win64) Build 1846317 Fri Apr 14 18:55:03 MDT 2017
| Date         : Tue Jun 27 16:43:54 2017
| Host         : DESKTOP-Q69KUU3 running 64-bit major release  (build 9200)
| Command      : report_methodology -file CORDICAtan2_methodology_drc_routed.rpt -rpx CORDICAtan2_methodology_drc_routed.rpx
| Design       : CORDICAtan2
| Device       : xc7z010clg400-3
| Speed File   : -3
| Design State : Routed
-----------------------------------------------------------------------------------------------------------------------------

Report Methodology

Table of Contents
-----------------
1. REPORT SUMMARY
2. REPORT DETAILS

1. REPORT SUMMARY
-----------------
            Netlist: netlist
          Floorplan: design_1
      Design limits: <entire design considered>
             Max violations: <unlimited>
             Violations found: 38
+-----------+----------+-------------------------------+------------+
| Rule      | Severity | Description                   | Violations |
+-----------+----------+-------------------------------+------------+
| TIMING-18 | Warning  | Missing input or output delay | 38         |
+-----------+----------+-------------------------------+------------+

2. REPORT DETAILS
-----------------
TIMING-18#1 Warning
Missing input or output delay  
An input delay is missing on inA[0] relative to clock(s) clock125 
Related violations: <none>

TIMING-18#2 Warning
Missing input or output delay  
An input delay is missing on inA[10] relative to clock(s) clock125 
Related violations: <none>

TIMING-18#3 Warning
Missing input or output delay  
An input delay is missing on inA[11] relative to clock(s) clock125 
Related violations: <none>

TIMING-18#4 Warning
Missing input or output delay  
An input delay is missing on inA[1] relative to clock(s) clock125 
Related violations: <none>

TIMING-18#5 Warning
Missing input or output delay  
An input delay is missing on inA[2] relative to clock(s) clock125 
Related violations: <none>

TIMING-18#6 Warning
Missing input or output delay  
An input delay is missing on inA[3] relative to clock(s) clock125 
Related violations: <none>

TIMING-18#7 Warning
Missing input or output delay  
An input delay is missing on inA[4] relative to clock(s) clock125 
Related violations: <none>

TIMING-18#8 Warning
Missing input or output delay  
An input delay is missing on inA[5] relative to clock(s) clock125 
Related violations: <none>

TIMING-18#9 Warning
Missing input or output delay  
An input delay is missing on inA[6] relative to clock(s) clock125 
Related violations: <none>

TIMING-18#10 Warning
Missing input or output delay  
An input delay is missing on inA[7] relative to clock(s) clock125 
Related violations: <none>

TIMING-18#11 Warning
Missing input or output delay  
An input delay is missing on inA[8] relative to clock(s) clock125 
Related violations: <none>

TIMING-18#12 Warning
Missing input or output delay  
An input delay is missing on inA[9] relative to clock(s) clock125 
Related violations: <none>

TIMING-18#13 Warning
Missing input or output delay  
An input delay is missing on inB[0] relative to clock(s) clock125 
Related violations: <none>

TIMING-18#14 Warning
Missing input or output delay  
An input delay is missing on inB[10] relative to clock(s) clock125 
Related violations: <none>

TIMING-18#15 Warning
Missing input or output delay  
An input delay is missing on inB[11] relative to clock(s) clock125 
Related violations: <none>

TIMING-18#16 Warning
Missing input or output delay  
An input delay is missing on inB[1] relative to clock(s) clock125 
Related violations: <none>

TIMING-18#17 Warning
Missing input or output delay  
An input delay is missing on inB[2] relative to clock(s) clock125 
Related violations: <none>

TIMING-18#18 Warning
Missing input or output delay  
An input delay is missing on inB[3] relative to clock(s) clock125 
Related violations: <none>

TIMING-18#19 Warning
Missing input or output delay  
An input delay is missing on inB[4] relative to clock(s) clock125 
Related violations: <none>

TIMING-18#20 Warning
Missing input or output delay  
An input delay is missing on inB[5] relative to clock(s) clock125 
Related violations: <none>

TIMING-18#21 Warning
Missing input or output delay  
An input delay is missing on inB[6] relative to clock(s) clock125 
Related violations: <none>

TIMING-18#22 Warning
Missing input or output delay  
An input delay is missing on inB[7] relative to clock(s) clock125 
Related violations: <none>

TIMING-18#23 Warning
Missing input or output delay  
An input delay is missing on inB[8] relative to clock(s) clock125 
Related violations: <none>

TIMING-18#24 Warning
Missing input or output delay  
An input delay is missing on inB[9] relative to clock(s) clock125 
Related violations: <none>

TIMING-18#25 Warning
Missing input or output delay  
An input delay is missing on reset relative to clock(s) clock125 
Related violations: <none>

TIMING-18#26 Warning
Missing input or output delay  
An output delay is missing on atan2Out[0] relative to clock(s) clock125 
Related violations: <none>

TIMING-18#27 Warning
Missing input or output delay  
An output delay is missing on atan2Out[10] relative to clock(s) clock125 
Related violations: <none>

TIMING-18#28 Warning
Missing input or output delay  
An output delay is missing on atan2Out[11] relative to clock(s) clock125 
Related violations: <none>

TIMING-18#29 Warning
Missing input or output delay  
An output delay is missing on atan2Out[1] relative to clock(s) clock125 
Related violations: <none>

TIMING-18#30 Warning
Missing input or output delay  
An output delay is missing on atan2Out[2] relative to clock(s) clock125 
Related violations: <none>

TIMING-18#31 Warning
Missing input or output delay  
An output delay is missing on atan2Out[3] relative to clock(s) clock125 
Related violations: <none>

TIMING-18#32 Warning
Missing input or output delay  
An output delay is missing on atan2Out[4] relative to clock(s) clock125 
Related violations: <none>

TIMING-18#33 Warning
Missing input or output delay  
An output delay is missing on atan2Out[5] relative to clock(s) clock125 
Related violations: <none>

TIMING-18#34 Warning
Missing input or output delay  
An output delay is missing on atan2Out[6] relative to clock(s) clock125 
Related violations: <none>

TIMING-18#35 Warning
Missing input or output delay  
An output delay is missing on atan2Out[7] relative to clock(s) clock125 
Related violations: <none>

TIMING-18#36 Warning
Missing input or output delay  
An output delay is missing on atan2Out[8] relative to clock(s) clock125 
Related violations: <none>

TIMING-18#37 Warning
Missing input or output delay  
An output delay is missing on atan2Out[9] relative to clock(s) clock125 
Related violations: <none>

TIMING-18#38 Warning
Missing input or output delay  
An output delay is missing on valid relative to clock(s) clock125 
Related violations: <none>


